2026-05-08T13:53:30.616+03:00  INFO 1847 --- [main] c.f.biblioteca.BibliotecaApplication     : Starting BibliotecaApplication using Java 25.0.2 with PID 1847 (/home/user/Downloads/biblioteca/target/classes started by user in /home/user/Downloads/biblioteca)
2026-05-08T13:53:30.618+03:00 DEBUG 1847 --- [main] c.f.biblioteca.BibliotecaApplication     : Running with Spring Boot v4.0.6, Spring v7.0.7
2026-05-08T13:53:30.619+03:00  INFO 1847 --- [main] c.f.biblioteca.BibliotecaApplication     : The following 1 profile is active: "test"
2026-05-08T13:53:31.018+03:00  INFO 1847 --- [main] .s.d.r.c.RepositoryConfigurationDelegate : Bootstrapping Spring Data JPA repositories in DEFAULT mode.
2026-05-08T13:53:31.052+03:00  INFO 1847 --- [main] .s.d.r.c.RepositoryConfigurationDelegate : Finished Spring Data repository scanning in 28 ms. Found 7 JPA repository interfaces.
2026-05-08T13:53:31.325+03:00  INFO 1847 --- [main] o.s.boot.tomcat.TomcatWebServer          : Tomcat initialized with port 8080 (http)
2026-05-08T13:53:31.332+03:00  INFO 1847 --- [main] o.apache.catalina.core.StandardService   : Starting service [Tomcat]
2026-05-08T13:53:31.332+03:00  INFO 1847 --- [main] o.apache.catalina.core.StandardEngine    : Starting Servlet engine: [Apache Tomcat/11.0.21]
2026-05-08T13:53:31.358+03:00  INFO 1847 --- [main] b.w.c.s.WebApplicationContextInitializer : Root WebApplicationContext: initialization completed in 708 ms
2026-05-08T13:53:31.496+03:00  INFO 1847 --- [main] org.hibernate.orm.jpa                    : HHH008540: Processing PersistenceUnitInfo [name: default]
2026-05-08T13:53:31.528+03:00  INFO 1847 --- [main] org.hibernate.orm.core                   : HHH000001: Hibernate ORM core version 7.2.12.Final
2026-05-08T13:53:31.795+03:00  INFO 1847 --- [main] o.s.o.j.p.SpringPersistenceUnitInfo      : No LoadTimeWeaver setup: ignoring JPA class transformer
2026-05-08T13:53:31.808+03:00  INFO 1847 --- [main] com.zaxxer.hikari.HikariDataSource       : HikariPool-1 - Starting...
2026-05-08T13:53:31.877+03:00  INFO 1847 --- [main] com.zaxxer.hikari.pool.HikariPool        : HikariPool-1 - Added connection conn0: url=jdbc:h2:mem:testdb user=SA
2026-05-08T13:53:31.878+03:00  INFO 1847 --- [main] com.zaxxer.hikari.HikariDataSource       : HikariPool-1 - Start completed.
2026-05-08T13:53:31.887+03:00  WARN 1847 --- [main] org.hibernate.orm.deprecation            : HHH90000025: H2Dialect does not need to be specified explicitly using 'hibernate.dialect' (remove the property setting and it will be selected by default)
2026-05-08T13:53:31.896+03:00  INFO 1847 --- [main] org.hibernate.orm.connections.pooling    : HHH10001005: Database info:
	Database JDBC URL [jdbc:h2:mem:testdb]
	Database driver: H2 JDBC Driver
	Database dialect: H2Dialect
	Database version: 2.4.240
	Default catalog/schema: TESTDB/PUBLIC
	Autocommit mode: undefined/unknown
	Isolation level: READ_COMMITTED [default READ_COMMITTED]
	JDBC fetch size: 100
	Pool: DataSourceConnectionProvider
	Minimum pool size: undefined/unknown
	Maximum pool size: undefined/unknown
2026-05-08T13:53:32.350+03:00  INFO 1847 --- [main] org.hibernate.orm.core                   : HHH000489: No JTA platform available (set 'hibernate.transaction.jta.platform' to enable JTA platform integration)
2026-05-08T13:53:32.383+03:00  INFO 1847 --- [main] j.LocalContainerEntityManagerFactoryBean : Initialized JPA EntityManagerFactory for persistence unit 'default'
2026-05-08T13:53:32.423+03:00  INFO 1847 --- [main] o.s.d.j.r.query.QueryEnhancerFactories   : Hibernate is in classpath; If applicable, HQL parser will be used.
2026-05-08T13:53:32.589+03:00  WARN 1847 --- [main] JpaBaseConfiguration$JpaWebConfiguration : spring.jpa.open-in-view is enabled by default. Therefore, database queries may be performed during view rendering. Explicitly configure spring.jpa.open-in-view to disable this warning
2026-05-08T13:53:32.765+03:00  INFO 1847 --- [main] o.s.b.h.a.H2ConsoleAutoConfiguration     : H2 console available at '/h2-console'. Database available at 'jdbc:h2:mem:testdb'
2026-05-08T13:53:32.779+03:00  WARN 1847 --- [main] .s.a.UserDetailsServiceAutoConfiguration : 

Using generated security password: 5f20b278-0010-44e5-8946-ee3ea48075a6

This generated password is for development use only. Your security configuration must be updated before running your application in production.

2026-05-08T13:53:32.806+03:00  INFO 1847 --- [main] r$InitializeUserDetailsManagerConfigurer : Global AuthenticationManager configured with UserDetailsService bean with name inMemoryUserDetailsManager
2026-05-08T13:53:32.910+03:00  INFO 1847 --- [main] o.s.boot.tomcat.TomcatWebServer          : Tomcat started on port 8080 (http) with context path '/'
2026-05-08T13:53:32.916+03:00  INFO 1847 --- [main] c.f.biblioteca.BibliotecaApplication     : Started BibliotecaApplication in 2.609 seconds (process running for 2.844)
2026-05-08T14:16:10.155+03:00  INFO 1847 --- [SpringApplicationShutdownHook] o.s.boot.tomcat.GracefulShutdown         : Commencing graceful shutdown. Waiting for active requests to complete
2026-05-08T14:16:10.157+03:00  INFO 1847 --- [tomcat-shutdown] o.s.boot.tomcat.GracefulShutdown         : Graceful shutdown complete
2026-05-08T14:16:10.162+03:00  INFO 1847 --- [SpringApplicationShutdownHook] j.LocalContainerEntityManagerFactoryBean : Closing JPA EntityManagerFactory for persistence unit 'default'
2026-05-08T14:16:10.171+03:00  INFO 1847 --- [SpringApplicationShutdownHook] com.zaxxer.hikari.HikariDataSource       : HikariPool-1 - Shutdown initiated...
2026-05-08T14:16:10.172+03:00  INFO 1847 --- [SpringApplicationShutdownHook] com.zaxxer.hikari.HikariDataSource       : HikariPool-1 - Shutdown completed.
2026-05-08T14:16:13.212+03:00  INFO 2045 --- [main] c.f.biblioteca.BibliotecaApplication     : Starting BibliotecaApplication using Java 25.0.2 with PID 2045 (/home/user/Downloads/biblioteca/target/classes started by user in /home/user/Downloads/biblioteca)
2026-05-08T14:16:13.215+03:00 DEBUG 2045 --- [main] c.f.biblioteca.BibliotecaApplication     : Running with Spring Boot v4.0.6, Spring v7.0.7
2026-05-08T14:16:13.216+03:00  INFO 2045 --- [main] c.f.biblioteca.BibliotecaApplication     : The following 1 profile is active: "test"
2026-05-08T14:16:13.682+03:00  INFO 2045 --- [main] .s.d.r.c.RepositoryConfigurationDelegate : Bootstrapping Spring Data JPA repositories in DEFAULT mode.
2026-05-08T14:16:13.715+03:00  INFO 2045 --- [main] .s.d.r.c.RepositoryConfigurationDelegate : Finished Spring Data repository scanning in 28 ms. Found 7 JPA repository interfaces.
2026-05-08T14:16:14.052+03:00  INFO 2045 --- [main] o.s.boot.tomcat.TomcatWebServer          : Tomcat initialized with port 8080 (http)
2026-05-08T14:16:14.060+03:00  INFO 2045 --- [main] o.apache.catalina.core.StandardService   : Starting service [Tomcat]
2026-05-08T14:16:14.061+03:00  INFO 2045 --- [main] o.apache.catalina.core.StandardEngine    : Starting Servlet engine: [Apache Tomcat/11.0.21]
2026-05-08T14:16:14.085+03:00  INFO 2045 --- [main] b.w.c.s.WebApplicationContextInitializer : Root WebApplicationContext: initialization completed in 832 ms
2026-05-08T14:16:14.218+03:00  INFO 2045 --- [main] org.hibernate.orm.jpa                    : HHH008540: Processing PersistenceUnitInfo [name: default]
2026-05-08T14:16:14.241+03:00  INFO 2045 --- [main] org.hibernate.orm.core                   : HHH000001: Hibernate ORM core version 7.2.12.Final
2026-05-08T14:16:14.498+03:00  INFO 2045 --- [main] o.s.o.j.p.SpringPersistenceUnitInfo      : No LoadTimeWeaver setup: ignoring JPA class transformer
2026-05-08T14:16:14.514+03:00  INFO 2045 --- [main] com.zaxxer.hikari.HikariDataSource       : HikariPool-1 - Starting...
2026-05-08T14:16:14.601+03:00  INFO 2045 --- [main] com.zaxxer.hikari.pool.HikariPool        : HikariPool-1 - Added connection conn0: url=jdbc:h2:mem:testdb user=SA
2026-05-08T14:16:14.601+03:00  INFO 2045 --- [main] com.zaxxer.hikari.HikariDataSource       : HikariPool-1 - Start completed.
2026-05-08T14:16:14.612+03:00  WARN 2045 --- [main] org.hibernate.orm.deprecation            : HHH90000025: H2Dialect does not need to be specified explicitly using 'hibernate.dialect' (remove the property setting and it will be selected by default)
2026-05-08T14:16:14.624+03:00  INFO 2045 --- [main] org.hibernate.orm.connections.pooling    : HHH10001005: Database info:
	Database JDBC URL [jdbc:h2:mem:testdb]
	Database driver: H2 JDBC Driver
	Database dialect: H2Dialect
	Database version: 2.4.240
	Default catalog/schema: TESTDB/PUBLIC
	Autocommit mode: undefined/unknown
	Isolation level: READ_COMMITTED [default READ_COMMITTED]
	JDBC fetch size: 100
	Pool: DataSourceConnectionProvider
	Minimum pool size: undefined/unknown
	Maximum pool size: undefined/unknown
2026-05-08T14:16:15.132+03:00  INFO 2045 --- [main] org.hibernate.orm.core                   : HHH000489: No JTA platform available (set 'hibernate.transaction.jta.platform' to enable JTA platform integration)
2026-05-08T14:16:15.169+03:00  INFO 2045 --- [main] j.LocalContainerEntityManagerFactoryBean : Initialized JPA EntityManagerFactory for persistence unit 'default'
2026-05-08T14:16:15.216+03:00  INFO 2045 --- [main] o.s.d.j.r.query.QueryEnhancerFactories   : Hibernate is in classpath; If applicable, HQL parser will be used.
2026-05-08T14:16:15.384+03:00  WARN 2045 --- [main] JpaBaseConfiguration$JpaWebConfiguration : spring.jpa.open-in-view is enabled by default. Therefore, database queries may be performed during view rendering. Explicitly configure spring.jpa.open-in-view to disable this warning
2026-05-08T14:16:15.553+03:00  INFO 2045 --- [main] o.s.b.h.a.H2ConsoleAutoConfiguration     : H2 console available at '/h2-console'. Database available at 'jdbc:h2:mem:testdb'
2026-05-08T14:16:15.566+03:00  WARN 2045 --- [main] .s.a.UserDetailsServiceAutoConfiguration : 

Using generated security password: d4929d5b-4127-40e1-8e43-d136537caa1a

This generated password is for development use only. Your security configuration must be updated before running your application in production.

2026-05-08T14:16:15.588+03:00  INFO 2045 --- [main] r$InitializeUserDetailsManagerConfigurer : Global AuthenticationManager configured with UserDetailsService bean with name inMemoryUserDetailsManager
2026-05-08T14:16:15.683+03:00  INFO 2045 --- [main] o.s.boot.tomcat.TomcatWebServer          : Tomcat started on port 8080 (http) with context path '/'
2026-05-08T14:16:15.688+03:00  INFO 2045 --- [main] c.f.biblioteca.BibliotecaApplication     : Started BibliotecaApplication in 2.823 seconds (process running for 3.066)
2026-05-08T14:16:20.059+03:00  INFO 2045 --- [http-nio-8080-exec-1] o.a.c.c.C.[Tomcat].[localhost].[/]       : Initializing Spring DispatcherServlet 'dispatcherServlet'
2026-05-08T14:16:20.059+03:00  INFO 2045 --- [http-nio-8080-exec-1] o.s.web.servlet.DispatcherServlet        : Initializing Servlet 'dispatcherServlet'
2026-05-08T14:16:20.060+03:00  INFO 2045 --- [http-nio-8080-exec-1] o.s.web.servlet.DispatcherServlet        : Completed initialization in 1 ms
2026-05-08T14:25:30.474+03:00  INFO 2045 --- [SpringApplicationShutdownHook] o.s.boot.tomcat.GracefulShutdown         : Commencing graceful shutdown. Waiting for active requests to complete
2026-05-08T14:25:30.478+03:00  INFO 2045 --- [tomcat-shutdown] o.s.boot.tomcat.GracefulShutdown         : Graceful shutdown complete
2026-05-08T14:25:30.488+03:00  INFO 2045 --- [SpringApplicationShutdownHook] j.LocalContainerEntityManagerFactoryBean : Closing JPA EntityManagerFactory for persistence unit 'default'
2026-05-08T14:25:30.505+03:00  INFO 2045 --- [SpringApplicationShutdownHook] com.zaxxer.hikari.HikariDataSource       : HikariPool-1 - Shutdown initiated...
2026-05-08T14:25:30.510+03:00  INFO 2045 --- [SpringApplicationShutdownHook] com.zaxxer.hikari.HikariDataSource       : HikariPool-1 - Shutdown completed.
2026-05-08T14:25:52.070+03:00  INFO 2257 --- [main] c.f.biblioteca.BibliotecaApplication     : Starting BibliotecaApplication using Java 25.0.2 with PID 2257 (/home/user/Downloads/biblioteca/target/classes started by user in /home/user/Downloads/biblioteca)
2026-05-08T14:25:52.076+03:00 DEBUG 2257 --- [main] c.f.biblioteca.BibliotecaApplication     : Running with Spring Boot v4.0.6, Spring v7.0.7
2026-05-08T14:25:52.078+03:00  INFO 2257 --- [main] c.f.biblioteca.BibliotecaApplication     : The following 1 profile is active: "test"
2026-05-08T14:25:53.226+03:00  INFO 2257 --- [main] .s.d.r.c.RepositoryConfigurationDelegate : Bootstrapping Spring Data JPA repositories in DEFAULT mode.
2026-05-08T14:25:53.297+03:00  INFO 2257 --- [main] .s.d.r.c.RepositoryConfigurationDelegate : Finished Spring Data repository scanning in 60 ms. Found 7 JPA repository interfaces.
2026-05-08T14:25:54.342+03:00  INFO 2257 --- [main] o.s.boot.tomcat.TomcatWebServer          : Tomcat initialized with port 8080 (http)
2026-05-08T14:25:54.365+03:00  INFO 2257 --- [main] o.apache.catalina.core.StandardService   : Starting service [Tomcat]
2026-05-08T14:25:54.366+03:00  INFO 2257 --- [main] o.apache.catalina.core.StandardEngine    : Starting Servlet engine: [Apache Tomcat/11.0.21]
2026-05-08T14:25:54.541+03:00  INFO 2257 --- [main] b.w.c.s.WebApplicationContextInitializer : Root WebApplicationContext: initialization completed in 2368 ms
2026-05-08T14:25:54.929+03:00  INFO 2257 --- [main] org.hibernate.orm.jpa                    : HHH008540: Processing PersistenceUnitInfo [name: default]
2026-05-08T14:25:54.996+03:00  INFO 2257 --- [main] org.hibernate.orm.core                   : HHH000001: Hibernate ORM core version 7.2.12.Final
2026-05-08T14:25:55.653+03:00  INFO 2257 --- [main] o.s.o.j.p.SpringPersistenceUnitInfo      : No LoadTimeWeaver setup: ignoring JPA class transformer
2026-05-08T14:25:55.676+03:00  INFO 2257 --- [main] com.zaxxer.hikari.HikariDataSource       : HikariPool-1 - Starting...
2026-05-08T14:25:55.840+03:00  INFO 2257 --- [main] com.zaxxer.hikari.pool.HikariPool        : HikariPool-1 - Added connection conn0: url=jdbc:h2:mem:testdb user=SA
2026-05-08T14:25:55.842+03:00  INFO 2257 --- [main] com.zaxxer.hikari.HikariDataSource       : HikariPool-1 - Start completed.
2026-05-08T14:25:55.870+03:00  WARN 2257 --- [main] org.hibernate.orm.deprecation            : HHH90000025: H2Dialect does not need to be specified explicitly using 'hibernate.dialect' (remove the property setting and it will be selected by default)
2026-05-08T14:25:55.905+03:00  INFO 2257 --- [main] org.hibernate.orm.connections.pooling    : HHH10001005: Database info:
	Database JDBC URL [jdbc:h2:mem:testdb]
	Database driver: H2 JDBC Driver
	Database dialect: H2Dialect
	Database version: 2.4.240
	Default catalog/schema: TESTDB/PUBLIC
	Autocommit mode: undefined/unknown
	Isolation level: READ_COMMITTED [default READ_COMMITTED]
	JDBC fetch size: 100
	Pool: DataSourceConnectionProvider
	Minimum pool size: undefined/unknown
	Maximum pool size: undefined/unknown
2026-05-08T14:25:56.821+03:00  INFO 2257 --- [main] org.hibernate.orm.core                   : HHH000489: No JTA platform available (set 'hibernate.transaction.jta.platform' to enable JTA platform integration)
2026-05-08T14:25:56.888+03:00  INFO 2257 --- [main] j.LocalContainerEntityManagerFactoryBean : Initialized JPA EntityManagerFactory for persistence unit 'default'
2026-05-08T14:25:56.981+03:00  INFO 2257 --- [main] o.s.d.j.r.query.QueryEnhancerFactories   : Hibernate is in classpath; If applicable, HQL parser will be used.
2026-05-08T14:25:57.455+03:00  WARN 2257 --- [main] JpaBaseConfiguration$JpaWebConfiguration : spring.jpa.open-in-view is enabled by default. Therefore, database queries may be performed during view rendering. Explicitly configure spring.jpa.open-in-view to disable this warning
2026-05-08T14:25:57.564+03:00  WARN 2257 --- [main] .s.a.UserDetailsServiceAutoConfiguration : 

Using generated security password: 590d97fc-c310-4939-8b03-ec403785a87a

This generated password is for development use only. Your security configuration must be updated before running your application in production.

2026-05-08T14:25:57.574+03:00  INFO 2257 --- [main] r$InitializeUserDetailsManagerConfigurer : Global AuthenticationManager configured with UserDetailsService bean with name inMemoryUserDetailsManager
2026-05-08T14:25:58.230+03:00  INFO 2257 --- [main] o.s.b.h.a.H2ConsoleAutoConfiguration     : H2 console available at '/h2-console'. Database available at 'jdbc:h2:mem:testdb'
2026-05-08T14:25:58.301+03:00  INFO 2257 --- [main] o.s.boot.tomcat.TomcatWebServer          : Tomcat started on port 8080 (http) with context path '/'
2026-05-08T14:25:58.315+03:00  INFO 2257 --- [main] c.f.biblioteca.BibliotecaApplication     : Started BibliotecaApplication in 7.315 seconds (process running for 8.254)
2026-05-08T14:26:07.600+03:00  INFO 2257 --- [SpringApplicationShutdownHook] o.s.boot.tomcat.GracefulShutdown         : Commencing graceful shutdown. Waiting for active requests to complete
2026-05-08T14:26:07.607+03:00  INFO 2257 --- [tomcat-shutdown] o.s.boot.tomcat.GracefulShutdown         : Graceful shutdown complete
2026-05-08T14:26:07.616+03:00  INFO 2257 --- [SpringApplicationShutdownHook] j.LocalContainerEntityManagerFactoryBean : Closing JPA EntityManagerFactory for persistence unit 'default'
2026-05-08T14:26:07.636+03:00  INFO 2257 --- [SpringApplicationShutdownHook] com.zaxxer.hikari.HikariDataSource       : HikariPool-1 - Shutdown initiated...
2026-05-08T14:26:07.641+03:00  INFO 2257 --- [SpringApplicationShutdownHook] com.zaxxer.hikari.HikariDataSource       : HikariPool-1 - Shutdown completed.
2026-05-08T14:26:47.155+03:00  INFO 2398 --- [main] c.f.biblioteca.BibliotecaApplication     : Starting BibliotecaApplication using Java 25.0.2 with PID 2398 (/home/user/Downloads/biblioteca/target/classes started by user in /home/user/Downloads/biblioteca)
2026-05-08T14:26:47.160+03:00 DEBUG 2398 --- [main] c.f.biblioteca.BibliotecaApplication     : Running with Spring Boot v4.0.6, Spring v7.0.7
2026-05-08T14:26:47.161+03:00  INFO 2398 --- [main] c.f.biblioteca.BibliotecaApplication     : The following 1 profile is active: "test"
2026-05-08T14:26:48.417+03:00  INFO 2398 --- [main] .s.d.r.c.RepositoryConfigurationDelegate : Bootstrapping Spring Data JPA repositories in DEFAULT mode.
2026-05-08T14:26:48.495+03:00  INFO 2398 --- [main] .s.d.r.c.RepositoryConfigurationDelegate : Finished Spring Data repository scanning in 66 ms. Found 7 JPA repository interfaces.
2026-05-08T14:26:49.319+03:00  INFO 2398 --- [main] o.s.boot.tomcat.TomcatWebServer          : Tomcat initialized with port 8080 (http)
2026-05-08T14:26:49.336+03:00  INFO 2398 --- [main] o.apache.catalina.core.StandardService   : Starting service [Tomcat]
2026-05-08T14:26:49.337+03:00  INFO 2398 --- [main] o.apache.catalina.core.StandardEngine    : Starting Servlet engine: [Apache Tomcat/11.0.21]
2026-05-08T14:26:49.398+03:00  INFO 2398 --- [main] b.w.c.s.WebApplicationContextInitializer : Root WebApplicationContext: initialization completed in 2115 ms
2026-05-08T14:26:49.723+03:00  INFO 2398 --- [main] org.hibernate.orm.jpa                    : HHH008540: Processing PersistenceUnitInfo [name: default]
2026-05-08T14:26:49.803+03:00  INFO 2398 --- [main] org.hibernate.orm.core                   : HHH000001: Hibernate ORM core version 7.2.12.Final
2026-05-08T14:26:50.375+03:00  INFO 2398 --- [main] o.s.o.j.p.SpringPersistenceUnitInfo      : No LoadTimeWeaver setup: ignoring JPA class transformer
2026-05-08T14:26:50.407+03:00  INFO 2398 --- [main] com.zaxxer.hikari.HikariDataSource       : HikariPool-1 - Starting...
2026-05-08T14:26:50.540+03:00  INFO 2398 --- [main] com.zaxxer.hikari.pool.HikariPool        : HikariPool-1 - Added connection conn0: url=jdbc:h2:mem:testdb user=SA
2026-05-08T14:26:50.542+03:00  INFO 2398 --- [main] com.zaxxer.hikari.HikariDataSource       : HikariPool-1 - Start completed.
2026-05-08T14:26:50.558+03:00  WARN 2398 --- [main] org.hibernate.orm.deprecation            : HHH90000025: H2Dialect does not need to be specified explicitly using 'hibernate.dialect' (remove the property setting and it will be selected by default)
2026-05-08T14:26:50.582+03:00  INFO 2398 --- [main] org.hibernate.orm.connections.pooling    : HHH10001005: Database info:
	Database JDBC URL [jdbc:h2:mem:testdb]
	Database driver: H2 JDBC Driver
	Database dialect: H2Dialect
	Database version: 2.4.240
	Default catalog/schema: TESTDB/PUBLIC
	Autocommit mode: undefined/unknown
	Isolation level: READ_COMMITTED [default READ_COMMITTED]
	JDBC fetch size: 100
	Pool: DataSourceConnectionProvider
	Minimum pool size: undefined/unknown
	Maximum pool size: undefined/unknown
2026-05-08T14:26:51.460+03:00  INFO 2398 --- [main] org.hibernate.orm.core                   : HHH000489: No JTA platform available (set 'hibernate.transaction.jta.platform' to enable JTA platform integration)
2026-05-08T14:26:51.526+03:00  INFO 2398 --- [main] j.LocalContainerEntityManagerFactoryBean : Initialized JPA EntityManagerFactory for persistence unit 'default'
2026-05-08T14:26:51.603+03:00  INFO 2398 --- [main] o.s.d.j.r.query.QueryEnhancerFactories   : Hibernate is in classpath; If applicable, HQL parser will be used.
2026-05-08T14:26:52.104+03:00  WARN 2398 --- [main] JpaBaseConfiguration$JpaWebConfiguration : spring.jpa.open-in-view is enabled by default. Therefore, database queries may be performed during view rendering. Explicitly configure spring.jpa.open-in-view to disable this warning
2026-05-08T14:26:52.214+03:00  WARN 2398 --- [main] .s.a.UserDetailsServiceAutoConfiguration : 

Using generated security password: a86d6009-3417-4da7-8409-99e6cd9fae20

This generated password is for development use only. Your security configuration must be updated before running your application in production.

2026-05-08T14:26:52.226+03:00  INFO 2398 --- [main] r$InitializeUserDetailsManagerConfigurer : Global AuthenticationManager configured with UserDetailsService bean with name inMemoryUserDetailsManager
2026-05-08T14:26:52.903+03:00  INFO 2398 --- [main] o.s.b.h.a.H2ConsoleAutoConfiguration     : H2 console available at '/h2-console'. Database available at 'jdbc:h2:mem:testdb'
2026-05-08T14:26:52.966+03:00  INFO 2398 --- [main] o.s.boot.tomcat.TomcatWebServer          : Tomcat started on port 8080 (http) with context path '/'
2026-05-08T14:26:52.978+03:00  INFO 2398 --- [main] c.f.biblioteca.BibliotecaApplication     : Started BibliotecaApplication in 7.053 seconds (process running for 8.084)
2026-05-08T14:27:07.771+03:00  INFO 2398 --- [http-nio-8080-exec-1] o.a.c.c.C.[Tomcat].[localhost].[/]       : Initializing Spring DispatcherServlet 'dispatcherServlet'
2026-05-08T14:27:07.772+03:00  INFO 2398 --- [http-nio-8080-exec-1] o.s.web.servlet.DispatcherServlet        : Initializing Servlet 'dispatcherServlet'
2026-05-08T14:27:07.773+03:00  INFO 2398 --- [http-nio-8080-exec-1] o.s.web.servlet.DispatcherServlet        : Completed initialization in 1 ms
2026-05-08T14:28:08.483+03:00  INFO 2398 --- [SpringApplicationShutdownHook] o.s.boot.tomcat.GracefulShutdown         : Commencing graceful shutdown. Waiting for active requests to complete
2026-05-08T14:28:08.487+03:00  INFO 2398 --- [tomcat-shutdown] o.s.boot.tomcat.GracefulShutdown         : Graceful shutdown complete
2026-05-08T14:28:08.495+03:00  INFO 2398 --- [SpringApplicationShutdownHook] j.LocalContainerEntityManagerFactoryBean : Closing JPA EntityManagerFactory for persistence unit 'default'
2026-05-08T14:28:08.510+03:00  INFO 2398 --- [SpringApplicationShutdownHook] com.zaxxer.hikari.HikariDataSource       : HikariPool-1 - Shutdown initiated...
2026-05-08T14:28:08.514+03:00  INFO 2398 --- [SpringApplicationShutdownHook] com.zaxxer.hikari.HikariDataSource       : HikariPool-1 - Shutdown completed.
2026-05-08T14:28:48.013+03:00  INFO 2550 --- [main] c.f.biblioteca.BibliotecaApplication     : Starting BibliotecaApplication using Java 25.0.2 with PID 2550 (/home/user/Downloads/biblioteca/target/classes started by user in /home/user/Downloads/biblioteca)
2026-05-08T14:28:48.021+03:00 DEBUG 2550 --- [main] c.f.biblioteca.BibliotecaApplication     : Running with Spring Boot v4.0.6, Spring v7.0.7
2026-05-08T14:28:48.023+03:00  INFO 2550 --- [main] c.f.biblioteca.BibliotecaApplication     : The following 1 profile is active: "test"
2026-05-08T14:28:49.239+03:00  INFO 2550 --- [main] .s.d.r.c.RepositoryConfigurationDelegate : Bootstrapping Spring Data JPA repositories in DEFAULT mode.
2026-05-08T14:28:49.336+03:00  INFO 2550 --- [main] .s.d.r.c.RepositoryConfigurationDelegate : Finished Spring Data repository scanning in 85 ms. Found 7 JPA repository interfaces.
2026-05-08T14:28:50.074+03:00  INFO 2550 --- [main] o.s.boot.tomcat.TomcatWebServer          : Tomcat initialized with port 8080 (http)
2026-05-08T14:28:50.090+03:00  INFO 2550 --- [main] o.apache.catalina.core.StandardService   : Starting service [Tomcat]
2026-05-08T14:28:50.091+03:00  INFO 2550 --- [main] o.apache.catalina.core.StandardEngine    : Starting Servlet engine: [Apache Tomcat/11.0.21]
2026-05-08T14:28:50.145+03:00  INFO 2550 --- [main] b.w.c.s.WebApplicationContextInitializer : Root WebApplicationContext: initialization completed in 1983 ms
2026-05-08T14:28:50.508+03:00  INFO 2550 --- [main] org.hibernate.orm.jpa                    : HHH008540: Processing PersistenceUnitInfo [name: default]
2026-05-08T14:28:50.576+03:00  INFO 2550 --- [main] org.hibernate.orm.core                   : HHH000001: Hibernate ORM core version 7.2.12.Final
2026-05-08T14:28:51.156+03:00  INFO 2550 --- [main] o.s.o.j.p.SpringPersistenceUnitInfo      : No LoadTimeWeaver setup: ignoring JPA class transformer
2026-05-08T14:28:51.189+03:00  INFO 2550 --- [main] com.zaxxer.hikari.HikariDataSource       : HikariPool-1 - Starting...
2026-05-08T14:28:51.316+03:00  INFO 2550 --- [main] com.zaxxer.hikari.pool.HikariPool        : HikariPool-1 - Added connection conn0: url=jdbc:h2:mem:testdb user=SA
2026-05-08T14:28:51.318+03:00  INFO 2550 --- [main] com.zaxxer.hikari.HikariDataSource       : HikariPool-1 - Start completed.
2026-05-08T14:28:51.342+03:00  WARN 2550 --- [main] org.hibernate.orm.deprecation            : HHH90000025: H2Dialect does not need to be specified explicitly using 'hibernate.dialect' (remove the property setting and it will be selected by default)
2026-05-08T14:28:51.361+03:00  INFO 2550 --- [main] org.hibernate.orm.connections.pooling    : HHH10001005: Database info:
	Database JDBC URL [jdbc:h2:mem:testdb]
	Database driver: H2 JDBC Driver
	Database dialect: H2Dialect
	Database version: 2.4.240
	Default catalog/schema: TESTDB/PUBLIC
	Autocommit mode: undefined/unknown
	Isolation level: READ_COMMITTED [default READ_COMMITTED]
	JDBC fetch size: 100
	Pool: DataSourceConnectionProvider
	Minimum pool size: undefined/unknown
	Maximum pool size: undefined/unknown
2026-05-08T14:28:52.250+03:00  INFO 2550 --- [main] org.hibernate.orm.core                   : HHH000489: No JTA platform available (set 'hibernate.transaction.jta.platform' to enable JTA platform integration)
2026-05-08T14:28:52.314+03:00  INFO 2550 --- [main] j.LocalContainerEntityManagerFactoryBean : Initialized JPA EntityManagerFactory for persistence unit 'default'
2026-05-08T14:28:52.403+03:00  INFO 2550 --- [main] o.s.d.j.r.query.QueryEnhancerFactories   : Hibernate is in classpath; If applicable, HQL parser will be used.
2026-05-08T14:28:52.815+03:00  WARN 2550 --- [main] JpaBaseConfiguration$JpaWebConfiguration : spring.jpa.open-in-view is enabled by default. Therefore, database queries may be performed during view rendering. Explicitly configure spring.jpa.open-in-view to disable this warning
2026-05-08T14:28:52.909+03:00  WARN 2550 --- [main] .s.a.UserDetailsServiceAutoConfiguration : 

Using generated security password: db82c768-c5e1-4de0-af4d-8f7b75dcb1ae

This generated password is for development use only. Your security configuration must be updated before running your application in production.

2026-05-08T14:28:52.919+03:00  INFO 2550 --- [main] r$InitializeUserDetailsManagerConfigurer : Global AuthenticationManager configured with UserDetailsService bean with name inMemoryUserDetailsManager
2026-05-08T14:28:53.534+03:00  INFO 2550 --- [main] o.s.b.h.a.H2ConsoleAutoConfiguration     : H2 console available at '/h2-console'. Database available at 'jdbc:h2:mem:testdb'
2026-05-08T14:28:53.608+03:00  INFO 2550 --- [main] o.s.boot.tomcat.TomcatWebServer          : Tomcat started on port 8080 (http) with context path '/'
2026-05-08T14:28:53.619+03:00  INFO 2550 --- [main] c.f.biblioteca.BibliotecaApplication     : Started BibliotecaApplication in 6.627 seconds (process running for 7.376)
2026-05-08T14:29:44.190+03:00  INFO 2550 --- [http-nio-8080-exec-1] o.a.c.c.C.[Tomcat].[localhost].[/]       : Initializing Spring DispatcherServlet 'dispatcherServlet'
2026-05-08T14:29:44.191+03:00  INFO 2550 --- [http-nio-8080-exec-1] o.s.web.servlet.DispatcherServlet        : Initializing Servlet 'dispatcherServlet'
2026-05-08T14:29:44.193+03:00  INFO 2550 --- [http-nio-8080-exec-1] o.s.web.servlet.DispatcherServlet        : Completed initialization in 2 ms
2026-05-08T14:31:58.929+03:00  INFO 2550 --- [SpringApplicationShutdownHook] o.s.boot.tomcat.GracefulShutdown         : Commencing graceful shutdown. Waiting for active requests to complete
2026-05-08T14:31:58.935+03:00  INFO 2550 --- [tomcat-shutdown] o.s.boot.tomcat.GracefulShutdown         : Graceful shutdown complete
2026-05-08T14:31:58.948+03:00  INFO 2550 --- [SpringApplicationShutdownHook] j.LocalContainerEntityManagerFactoryBean : Closing JPA EntityManagerFactory for persistence unit 'default'
2026-05-08T14:31:58.967+03:00  INFO 2550 --- [SpringApplicationShutdownHook] com.zaxxer.hikari.HikariDataSource       : HikariPool-1 - Shutdown initiated...
2026-05-08T14:31:58.972+03:00  INFO 2550 --- [SpringApplicationShutdownHook] com.zaxxer.hikari.HikariDataSource       : HikariPool-1 - Shutdown completed.
2026-05-08T14:34:52.922+03:00  INFO 2748 --- [main] c.f.biblioteca.BibliotecaApplication     : Starting BibliotecaApplication using Java 25.0.2 with PID 2748 (/home/user/Downloads/biblioteca/target/classes started by user in /home/user/Downloads/biblioteca)
2026-05-08T14:34:52.929+03:00 DEBUG 2748 --- [main] c.f.biblioteca.BibliotecaApplication     : Running with Spring Boot v4.0.6, Spring v7.0.7
2026-05-08T14:34:52.931+03:00  INFO 2748 --- [main] c.f.biblioteca.BibliotecaApplication     : The following 1 profile is active: "test"
2026-05-08T14:34:54.156+03:00  INFO 2748 --- [main] .s.d.r.c.RepositoryConfigurationDelegate : Bootstrapping Spring Data JPA repositories in DEFAULT mode.
2026-05-08T14:34:54.235+03:00  INFO 2748 --- [main] .s.d.r.c.RepositoryConfigurationDelegate : Finished Spring Data repository scanning in 65 ms. Found 7 JPA repository interfaces.
2026-05-08T14:34:55.240+03:00  INFO 2748 --- [main] o.s.boot.tomcat.TomcatWebServer          : Tomcat initialized with port 8080 (http)
2026-05-08T14:34:55.264+03:00  INFO 2748 --- [main] o.apache.catalina.core.StandardService   : Starting service [Tomcat]
2026-05-08T14:34:55.265+03:00  INFO 2748 --- [main] o.apache.catalina.core.StandardEngine    : Starting Servlet engine: [Apache Tomcat/11.0.21]
2026-05-08T14:34:55.331+03:00  INFO 2748 --- [main] b.w.c.s.WebApplicationContextInitializer : Root WebApplicationContext: initialization completed in 2301 ms
2026-05-08T14:34:55.650+03:00  INFO 2748 --- [main] org.hibernate.orm.jpa                    : HHH008540: Processing PersistenceUnitInfo [name: default]
2026-05-08T14:34:55.715+03:00  INFO 2748 --- [main] org.hibernate.orm.core                   : HHH000001: Hibernate ORM core version 7.2.12.Final
2026-05-08T14:34:56.361+03:00  INFO 2748 --- [main] o.s.o.j.p.SpringPersistenceUnitInfo      : No LoadTimeWeaver setup: ignoring JPA class transformer
2026-05-08T14:34:56.397+03:00  INFO 2748 --- [main] com.zaxxer.hikari.HikariDataSource       : HikariPool-1 - Starting...
2026-05-08T14:34:56.530+03:00  INFO 2748 --- [main] com.zaxxer.hikari.pool.HikariPool        : HikariPool-1 - Added connection conn0: url=jdbc:h2:mem:testdb user=SA
2026-05-08T14:34:56.532+03:00  INFO 2748 --- [main] com.zaxxer.hikari.HikariDataSource       : HikariPool-1 - Start completed.
2026-05-08T14:34:56.547+03:00  WARN 2748 --- [main] org.hibernate.orm.deprecation            : HHH90000025: H2Dialect does not need to be specified explicitly using 'hibernate.dialect' (remove the property setting and it will be selected by default)
2026-05-08T14:34:56.565+03:00  INFO 2748 --- [main] org.hibernate.orm.connections.pooling    : HHH10001005: Database info:
	Database JDBC URL [jdbc:h2:mem:testdb]
	Database driver: H2 JDBC Driver
	Database dialect: H2Dialect
	Database version: 2.4.240
	Default catalog/schema: TESTDB/PUBLIC
	Autocommit mode: undefined/unknown
	Isolation level: READ_COMMITTED [default READ_COMMITTED]
	JDBC fetch size: 100
	Pool: DataSourceConnectionProvider
	Minimum pool size: undefined/unknown
	Maximum pool size: undefined/unknown
2026-05-08T14:34:57.426+03:00  INFO 2748 --- [main] org.hibernate.orm.core                   : HHH000489: No JTA platform available (set 'hibernate.transaction.jta.platform' to enable JTA platform integration)
2026-05-08T14:34:57.488+03:00  INFO 2748 --- [main] j.LocalContainerEntityManagerFactoryBean : Initialized JPA EntityManagerFactory for persistence unit 'default'
2026-05-08T14:34:57.571+03:00  INFO 2748 --- [main] o.s.d.j.r.query.QueryEnhancerFactories   : Hibernate is in classpath; If applicable, HQL parser will be used.
2026-05-08T14:34:57.990+03:00  WARN 2748 --- [main] JpaBaseConfiguration$JpaWebConfiguration : spring.jpa.open-in-view is enabled by default. Therefore, database queries may be performed during view rendering. Explicitly configure spring.jpa.open-in-view to disable this warning
2026-05-08T14:34:58.087+03:00  WARN 2748 --- [main] .s.a.UserDetailsServiceAutoConfiguration : 

Using generated security password: 0ccd07af-dd0a-430d-8b6d-3d42dd6979ac

This generated password is for development use only. Your security configuration must be updated before running your application in production.

2026-05-08T14:34:58.096+03:00  INFO 2748 --- [main] r$InitializeUserDetailsManagerConfigurer : Global AuthenticationManager configured with UserDetailsService bean with name inMemoryUserDetailsManager
2026-05-08T14:34:58.869+03:00  INFO 2748 --- [main] o.s.b.h.a.H2ConsoleAutoConfiguration     : H2 console available at '/h2-console'. Database available at 'jdbc:h2:mem:testdb'
2026-05-08T14:34:58.958+03:00  INFO 2748 --- [main] o.s.boot.tomcat.TomcatWebServer          : Tomcat started on port 8080 (http) with context path '/'
2026-05-08T14:34:58.976+03:00  INFO 2748 --- [main] c.f.biblioteca.BibliotecaApplication     : Started BibliotecaApplication in 7.072 seconds (process running for 7.975)
2026-05-08T14:35:00.765+03:00  INFO 2748 --- [http-nio-8080-exec-1] o.a.c.c.C.[Tomcat].[localhost].[/]       : Initializing Spring DispatcherServlet 'dispatcherServlet'
2026-05-08T14:35:00.766+03:00  INFO 2748 --- [http-nio-8080-exec-1] o.s.web.servlet.DispatcherServlet        : Initializing Servlet 'dispatcherServlet'
2026-05-08T14:35:00.768+03:00  INFO 2748 --- [http-nio-8080-exec-1] o.s.web.servlet.DispatcherServlet        : Completed initialization in 1 ms
2026-05-08T14:39:49.307+03:00  INFO 2748 --- [SpringApplicationShutdownHook] o.s.boot.tomcat.GracefulShutdown         : Commencing graceful shutdown. Waiting for active requests to complete
2026-05-08T14:39:49.311+03:00  INFO 2748 --- [tomcat-shutdown] o.s.boot.tomcat.GracefulShutdown         : Graceful shutdown complete
2026-05-08T14:39:49.318+03:00  INFO 2748 --- [SpringApplicationShutdownHook] j.LocalContainerEntityManagerFactoryBean : Closing JPA EntityManagerFactory for persistence unit 'default'
2026-05-08T14:39:49.335+03:00  INFO 2748 --- [SpringApplicationShutdownHook] com.zaxxer.hikari.HikariDataSource       : HikariPool-1 - Shutdown initiated...
2026-05-08T14:39:49.340+03:00  INFO 2748 --- [SpringApplicationShutdownHook] com.zaxxer.hikari.HikariDataSource       : HikariPool-1 - Shutdown completed.
2026-05-08T14:41:37.584+03:00  INFO 2960 --- [main] c.f.biblioteca.BibliotecaApplication     : Starting BibliotecaApplication using Java 25.0.2 with PID 2960 (/home/user/Downloads/biblioteca/target/classes started by user in /home/user/Downloads/biblioteca)
2026-05-08T14:41:37.592+03:00 DEBUG 2960 --- [main] c.f.biblioteca.BibliotecaApplication     : Running with Spring Boot v4.0.6, Spring v7.0.7
2026-05-08T14:41:37.594+03:00  INFO 2960 --- [main] c.f.biblioteca.BibliotecaApplication     : The following 1 profile is active: "test"
2026-05-08T14:41:38.934+03:00  INFO 2960 --- [main] .s.d.r.c.RepositoryConfigurationDelegate : Bootstrapping Spring Data JPA repositories in DEFAULT mode.
2026-05-08T14:41:39.024+03:00  INFO 2960 --- [main] .s.d.r.c.RepositoryConfigurationDelegate : Finished Spring Data repository scanning in 76 ms. Found 7 JPA repository interfaces.
2026-05-08T14:41:39.986+03:00  INFO 2960 --- [main] o.s.boot.tomcat.TomcatWebServer          : Tomcat initialized with port 8080 (http)
2026-05-08T14:41:40.003+03:00  INFO 2960 --- [main] o.apache.catalina.core.StandardService   : Starting service [Tomcat]
2026-05-08T14:41:40.003+03:00  INFO 2960 --- [main] o.apache.catalina.core.StandardEngine    : Starting Servlet engine: [Apache Tomcat/11.0.21]
2026-05-08T14:41:40.066+03:00  INFO 2960 --- [main] b.w.c.s.WebApplicationContextInitializer : Root WebApplicationContext: initialization completed in 2361 ms
2026-05-08T14:41:40.440+03:00  INFO 2960 --- [main] org.hibernate.orm.jpa                    : HHH008540: Processing PersistenceUnitInfo [name: default]
2026-05-08T14:41:40.535+03:00  INFO 2960 --- [main] org.hibernate.orm.core                   : HHH000001: Hibernate ORM core version 7.2.12.Final
2026-05-08T14:41:41.304+03:00  INFO 2960 --- [main] o.s.o.j.p.SpringPersistenceUnitInfo      : No LoadTimeWeaver setup: ignoring JPA class transformer
2026-05-08T14:41:41.332+03:00  INFO 2960 --- [main] com.zaxxer.hikari.HikariDataSource       : HikariPool-1 - Starting...
2026-05-08T14:41:41.457+03:00  INFO 2960 --- [main] com.zaxxer.hikari.pool.HikariPool        : HikariPool-1 - Added connection conn0: url=jdbc:h2:mem:testdb user=SA
2026-05-08T14:41:41.459+03:00  INFO 2960 --- [main] com.zaxxer.hikari.HikariDataSource       : HikariPool-1 - Start completed.
2026-05-08T14:41:41.474+03:00  WARN 2960 --- [main] org.hibernate.orm.deprecation            : HHH90000025: H2Dialect does not need to be specified explicitly using 'hibernate.dialect' (remove the property setting and it will be selected by default)
2026-05-08T14:41:41.491+03:00  INFO 2960 --- [main] org.hibernate.orm.connections.pooling    : HHH10001005: Database info:
	Database JDBC URL [jdbc:h2:mem:testdb]
	Database driver: H2 JDBC Driver
	Database dialect: H2Dialect
	Database version: 2.4.240
	Default catalog/schema: TESTDB/PUBLIC
	Autocommit mode: undefined/unknown
	Isolation level: READ_COMMITTED [default READ_COMMITTED]
	JDBC fetch size: 100
	Pool: DataSourceConnectionProvider
	Minimum pool size: undefined/unknown
	Maximum pool size: undefined/unknown
2026-05-08T14:41:42.707+03:00  INFO 2960 --- [main] org.hibernate.orm.core                   : HHH000489: No JTA platform available (set 'hibernate.transaction.jta.platform' to enable JTA platform integration)
2026-05-08T14:41:42.805+03:00  INFO 2960 --- [main] j.LocalContainerEntityManagerFactoryBean : Initialized JPA EntityManagerFactory for persistence unit 'default'
2026-05-08T14:41:42.944+03:00  INFO 2960 --- [main] o.s.d.j.r.query.QueryEnhancerFactories   : Hibernate is in classpath; If applicable, HQL parser will be used.
2026-05-08T14:41:43.406+03:00  WARN 2960 --- [main] JpaBaseConfiguration$JpaWebConfiguration : spring.jpa.open-in-view is enabled by default. Therefore, database queries may be performed during view rendering. Explicitly configure spring.jpa.open-in-view to disable this warning
2026-05-08T14:41:43.506+03:00  WARN 2960 --- [main] .s.a.UserDetailsServiceAutoConfiguration : 

Using generated security password: b63d2460-e54a-4e8e-88d9-6b0e52c1c305

This generated password is for development use only. Your security configuration must be updated before running your application in production.

2026-05-08T14:41:43.515+03:00  INFO 2960 --- [main] r$InitializeUserDetailsManagerConfigurer : Global AuthenticationManager configured with UserDetailsService bean with name inMemoryUserDetailsManager
2026-05-08T14:41:44.407+03:00  INFO 2960 --- [main] o.s.b.h.a.H2ConsoleAutoConfiguration     : H2 console available at '/h2-console'. Database available at 'jdbc:h2:mem:testdb'
2026-05-08T14:41:44.494+03:00  INFO 2960 --- [main] o.s.boot.tomcat.TomcatWebServer          : Tomcat started on port 8080 (http) with context path '/'
2026-05-08T14:41:44.505+03:00  INFO 2960 --- [main] c.f.biblioteca.BibliotecaApplication     : Started BibliotecaApplication in 8.099 seconds (process running for 9.119)
2026-05-08T14:41:47.712+03:00  INFO 2960 --- [http-nio-8080-exec-1] o.a.c.c.C.[Tomcat].[localhost].[/]       : Initializing Spring DispatcherServlet 'dispatcherServlet'
2026-05-08T14:41:47.713+03:00  INFO 2960 --- [http-nio-8080-exec-1] o.s.web.servlet.DispatcherServlet        : Initializing Servlet 'dispatcherServlet'
2026-05-08T14:41:47.715+03:00  INFO 2960 --- [http-nio-8080-exec-1] o.s.web.servlet.DispatcherServlet        : Completed initialization in 2 ms
2026-05-08T14:44:13.387+03:00  INFO 2960 --- [SpringApplicationShutdownHook] o.s.boot.tomcat.GracefulShutdown         : Commencing graceful shutdown. Waiting for active requests to complete
2026-05-08T14:44:13.399+03:00  INFO 2960 --- [tomcat-shutdown] o.s.boot.tomcat.GracefulShutdown         : Graceful shutdown complete
2026-05-08T14:44:13.415+03:00  INFO 2960 --- [SpringApplicationShutdownHook] j.LocalContainerEntityManagerFactoryBean : Closing JPA EntityManagerFactory for persistence unit 'default'
2026-05-08T14:44:13.445+03:00  INFO 2960 --- [SpringApplicationShutdownHook] com.zaxxer.hikari.HikariDataSource       : HikariPool-1 - Shutdown initiated...
2026-05-08T14:44:13.452+03:00  INFO 2960 --- [SpringApplicationShutdownHook] com.zaxxer.hikari.HikariDataSource       : HikariPool-1 - Shutdown completed.
2026-05-08T14:44:55.822+03:00  INFO 3320 --- [main] c.f.biblioteca.BibliotecaApplication     : Starting BibliotecaApplication using Java 25.0.2 with PID 3320 (/home/user/Downloads/biblioteca/target/classes started by user in /home/user/Downloads/biblioteca)
2026-05-08T14:44:55.833+03:00 DEBUG 3320 --- [main] c.f.biblioteca.BibliotecaApplication     : Running with Spring Boot v4.0.6, Spring v7.0.7
2026-05-08T14:44:55.835+03:00  INFO 3320 --- [main] c.f.biblioteca.BibliotecaApplication     : The following 1 profile is active: "test"
2026-05-08T14:44:57.743+03:00  INFO 3320 --- [main] .s.d.r.c.RepositoryConfigurationDelegate : Bootstrapping Spring Data JPA repositories in DEFAULT mode.
2026-05-08T14:44:57.881+03:00  INFO 3320 --- [main] .s.d.r.c.RepositoryConfigurationDelegate : Finished Spring Data repository scanning in 112 ms. Found 7 JPA repository interfaces.
2026-05-08T14:44:58.854+03:00  INFO 3320 --- [main] o.s.boot.tomcat.TomcatWebServer          : Tomcat initialized with port 8080 (http)
2026-05-08T14:44:58.900+03:00  INFO 3320 --- [main] o.apache.catalina.core.StandardService   : Starting service [Tomcat]
2026-05-08T14:44:58.901+03:00  INFO 3320 --- [main] o.apache.catalina.core.StandardEngine    : Starting Servlet engine: [Apache Tomcat/11.0.21]
2026-05-08T14:44:59.016+03:00  INFO 3320 --- [main] b.w.c.s.WebApplicationContextInitializer : Root WebApplicationContext: initialization completed in 2932 ms
2026-05-08T14:44:59.456+03:00  INFO 3320 --- [main] org.hibernate.orm.jpa                    : HHH008540: Processing PersistenceUnitInfo [name: default]
2026-05-08T14:44:59.559+03:00  INFO 3320 --- [main] org.hibernate.orm.core                   : HHH000001: Hibernate ORM core version 7.2.12.Final
2026-05-08T14:45:00.079+03:00  INFO 3320 --- [main] o.s.o.j.p.SpringPersistenceUnitInfo      : No LoadTimeWeaver setup: ignoring JPA class transformer
2026-05-08T14:45:00.102+03:00  INFO 3320 --- [main] com.zaxxer.hikari.HikariDataSource       : HikariPool-1 - Starting...
2026-05-08T14:45:00.259+03:00  INFO 3320 --- [main] com.zaxxer.hikari.pool.HikariPool        : HikariPool-1 - Added connection conn0: url=jdbc:h2:mem:testdb user=SA
2026-05-08T14:45:00.261+03:00  INFO 3320 --- [main] com.zaxxer.hikari.HikariDataSource       : HikariPool-1 - Start completed.
2026-05-08T14:45:00.289+03:00  WARN 3320 --- [main] org.hibernate.orm.deprecation            : HHH90000025: H2Dialect does not need to be specified explicitly using 'hibernate.dialect' (remove the property setting and it will be selected by default)
2026-05-08T14:45:00.330+03:00  INFO 3320 --- [main] org.hibernate.orm.connections.pooling    : HHH10001005: Database info:
	Database JDBC URL [jdbc:h2:mem:testdb]
	Database driver: H2 JDBC Driver
	Database dialect: H2Dialect
	Database version: 2.4.240
	Default catalog/schema: TESTDB/PUBLIC
	Autocommit mode: undefined/unknown
	Isolation level: READ_COMMITTED [default READ_COMMITTED]
	JDBC fetch size: 100
	Pool: DataSourceConnectionProvider
	Minimum pool size: undefined/unknown
	Maximum pool size: undefined/unknown
2026-05-08T14:45:01.838+03:00  INFO 3320 --- [main] org.hibernate.orm.core                   : HHH000489: No JTA platform available (set 'hibernate.transaction.jta.platform' to enable JTA platform integration)
2026-05-08T14:45:01.920+03:00  INFO 3320 --- [main] j.LocalContainerEntityManagerFactoryBean : Initialized JPA EntityManagerFactory for persistence unit 'default'
2026-05-08T14:45:02.039+03:00  INFO 3320 --- [main] o.s.d.j.r.query.QueryEnhancerFactories   : Hibernate is in classpath; If applicable, HQL parser will be used.
2026-05-08T14:45:02.840+03:00  WARN 3320 --- [main] JpaBaseConfiguration$JpaWebConfiguration : spring.jpa.open-in-view is enabled by default. Therefore, database queries may be performed during view rendering. Explicitly configure spring.jpa.open-in-view to disable this warning
2026-05-08T14:45:03.001+03:00  WARN 3320 --- [main] .s.a.UserDetailsServiceAutoConfiguration : 

Using generated security password: f4d02db6-55ac-49c5-858b-b248c84d7f44

This generated password is for development use only. Your security configuration must be updated before running your application in production.

2026-05-08T14:45:03.023+03:00  INFO 3320 --- [main] r$InitializeUserDetailsManagerConfigurer : Global AuthenticationManager configured with UserDetailsService bean with name inMemoryUserDetailsManager
2026-05-08T14:45:04.262+03:00  INFO 3320 --- [main] o.s.b.h.a.H2ConsoleAutoConfiguration     : H2 console available at '/h2-console'. Database available at 'jdbc:h2:mem:testdb'
2026-05-08T14:45:04.340+03:00  INFO 3320 --- [main] o.s.boot.tomcat.TomcatWebServer          : Tomcat started on port 8080 (http) with context path '/'
2026-05-08T14:45:04.356+03:00  INFO 3320 --- [main] c.f.biblioteca.BibliotecaApplication     : Started BibliotecaApplication in 9.754 seconds (process running for 10.562)
2026-05-08T14:45:11.157+03:00  INFO 3320 --- [http-nio-8080-exec-1] o.a.c.c.C.[Tomcat].[localhost].[/]       : Initializing Spring DispatcherServlet 'dispatcherServlet'
2026-05-08T14:45:11.158+03:00  INFO 3320 --- [http-nio-8080-exec-1] o.s.web.servlet.DispatcherServlet        : Initializing Servlet 'dispatcherServlet'
2026-05-08T14:45:11.159+03:00  INFO 3320 --- [http-nio-8080-exec-1] o.s.web.servlet.DispatcherServlet        : Completed initialization in 1 ms
2026-05-08T15:12:53.449+03:00  INFO 3320 --- [SpringApplicationShutdownHook] o.s.boot.tomcat.GracefulShutdown         : Commencing graceful shutdown. Waiting for active requests to complete
2026-05-08T15:12:53.452+03:00  INFO 3320 --- [tomcat-shutdown] o.s.boot.tomcat.GracefulShutdown         : Graceful shutdown complete
2026-05-08T15:12:53.458+03:00  INFO 3320 --- [SpringApplicationShutdownHook] j.LocalContainerEntityManagerFactoryBean : Closing JPA EntityManagerFactory for persistence unit 'default'
2026-05-08T15:12:53.468+03:00  INFO 3320 --- [SpringApplicationShutdownHook] com.zaxxer.hikari.HikariDataSource       : HikariPool-1 - Shutdown initiated...
2026-05-08T15:12:53.471+03:00  INFO 3320 --- [SpringApplicationShutdownHook] com.zaxxer.hikari.HikariDataSource       : HikariPool-1 - Shutdown completed.
